<?xml version="1.0" encoding="UTF-8"?>
<!-- Generated by org.testng.reporters.JUnitXMLReporter -->
<testsuite hostname="DESKTOP-MFV3CRJ" ignored="0" name="Surefire test" tests="6" failures="0" timestamp="2021-03-07T00:32:08 CST" time="0.054" errors="0">
  <testcase name="Androidapps" time="0.005" classname="JasonAcademy.MavenJava.AppiumTest"/>
  <testcase name="iOSapps" time="0.0" classname="JasonAcademy.MavenJava.AppiumTest"/>
  <testcase name="deleteTwiter" time="0.0" classname="JasonAcademy.MavenJava.RESTAPITest"/>
  <testcase name="postJira" time="0.0" classname="JasonAcademy.MavenJava.RESTAPITest"/>
  <testcase name="BrowserAutomation" time="0.0" classname="JasonAcademy.MavenJava.SeleniumTest"/>
  <testcase name="selectElement" time="0.0" classname="JasonAcademy.MavenJava.SeleniumTest"/>
</testsuite> <!-- Surefire test -->
