<?xml version="1.0" encoding="UTF-8"?>
<!-- Generated by org.testng.reporters.JUnitXMLReporter -->
<testsuite hostname="DESKTOP-MFV3CRJ" ignored="0" name="Test" tests="4" failures="0" timestamp="2021-03-07T01:23:14 CST" time="0.039" errors="0">
  <testcase name="deleteTwiter" time="0.004" classname="JasonAcademy.MavenJava.RESTAPITest"/>
  <testcase name="postJira" time="0.001" classname="JasonAcademy.MavenJava.RESTAPITest"/>
  <testcase name="BrowserAutomation" time="0.0" classname="JasonAcademy.MavenJava.SeleniumTest"/>
  <testcase name="selectElement" time="0.0" classname="JasonAcademy.MavenJava.SeleniumTest"/>
</testsuite> <!-- Test -->
